Using pre-set license
Built from '2020.3/release' branch; Version is '2020.3.12f1 (b3b2c6512326) revision 11776710'; Using compiler version '192528614'; Build Type 'Release'
OS: 'Windows 10 Pro for Workstations; OS build 19042.1110; Version 2009; 64bit' Language: 'fr' Physical Memory: 32598 MB
BatchMode: 1, IsHumanControllingUs: 0, StartBugReporterOnCrash: 0, Is64bit: 1, IsPro: 0

 COMMAND LINE ARGUMENTS:
C:\Program Files\Unity\Hub\Editor\2020.3.12f1\Editor\Unity.exe
-adb2
-batchMode
-noUpm
-name
AssetImportWorker0
-projectPath
C:/Users/MickaellaGV.DESKTOP-GDFH7VA/StandF2
-logFile
Logs/AssetImportWorker0.log
-srvPort
7776
Successfully changed project path to: C:/Users/MickaellaGV.DESKTOP-GDFH7VA/StandF2
C:/Users/MickaellaGV.DESKTOP-GDFH7VA/StandF2
Using Asset Import Pipeline V2.
Refreshing native plugins compatible for Editor in 29.90 ms, found 2 plugins.
Preloading 0 native plugins for Editor in 0.00 ms.
Initialize engine version: 2020.3.12f1 (b3b2c6512326)
[Subsystems] Discovering subsystems at path C:/Program Files/Unity/Hub/Editor/2020.3.12f1/Editor/Data/Resources/UnitySubsystems
[Subsystems] Discovering subsystems at path C:/Users/MickaellaGV.DESKTOP-GDFH7VA/StandF2/Assets
GfxDevice: creating device client; threaded=0
Direct3D:
    Version:  Direct3D 11.0 [level 11.1]
    Renderer: NVIDIA Quadro P4000 (ID=0x1bb1)
    Vendor:   
    VRAM:     8089 MB
    Driver:   27.21.14.6231
Initialize mono
Mono path[0] = 'C:/Program Files/Unity/Hub/Editor/2020.3.12f1/Editor/Data/Managed'
Mono path[1] = 'C:/Program Files/Unity/Hub/Editor/2020.3.12f1/Editor/Data/MonoBleedingEdge/lib/mono/unityjit'
Mono config path = 'C:/Program Files/Unity/Hub/Editor/2020.3.12f1/Editor/Data/MonoBleedingEdge/etc'
Using monoOptions --debugger-agent=transport=dt_socket,embedding=1,server=y,suspend=n,address=127.0.0.1:56236
Begin MonoManager ReloadAssembly
Registering precompiled unity dll's ...
Register platform support module: C:/Program Files/Unity/Hub/Editor/2020.3.12f1/Editor/Data/PlaybackEngines/WebGLSupport/UnityEditor.WebGL.Extensions.dll
Register platform support module: C:/Program Files/Unity/Hub/Editor/2020.3.12f1/Editor/Data/PlaybackEngines/WindowsStandaloneSupport/UnityEditor.WindowsStandalone.Extensions.dll
Registered in 0.002061 seconds.
Native extension for WindowsStandalone target not found
Native extension for WebGL target not found
Refreshing native plugins compatible for Editor in 35.38 ms, found 2 plugins.
Preloading 0 native plugins for Editor in 0.00 ms.
Mono: successfully reloaded assembly
- Completed reload, in  1.011 seconds
Platform modules already initialized, skipping
Registering precompiled user dll's ...
Registered in 0.004833 seconds.
Begin MonoManager ReloadAssembly
Native extension for WindowsStandalone target not found
Native extension for WebGL target not found
Refreshing native plugins compatible for Editor in 0.30 ms, found 2 plugins.
Preloading 0 native plugins for Editor in 0.00 ms.
Mono: successfully reloaded assembly
- Completed reload, in  0.811 seconds
Platform modules already initialized, skipping
========================================================================
Worker process is ready to serve import requests
Launched and connected shader compiler UnityShaderCompiler.exe after 0.04 seconds
Refreshing native plugins compatible for Editor in 0.32 ms, found 2 plugins.
Preloading 0 native plugins for Editor in 0.00 ms.
Unloading 1388 Unused Serialized files (Serialized files now loaded: 0)
System memory in use before: 66.8 MB.
System memory in use after: 66.8 MB.

Unloading 19 unused Assets to reduce memory usage. Loaded Objects now: 1826.
Total: 1.561900 ms (FindLiveObjects: 0.120300 ms CreateObjectMapping: 0.037500 ms MarkObjects: 1.336300 ms  DeleteObjects: 0.066900 ms)

AssetImportParameters requested are different than current active one (requested -> active):
  custom:framework-win-MediaFoundation: 216162199b28c13a410421893ffa2e32 -> 
  custom:video-decoder-ogg-theora: a1e56fd34408186e4bbccfd4996cb3dc -> 
  custom:container-muxer-webm: aa71ff27fc2769a1b78a27578f13a17b -> 
  custom:container-demuxer-webm: 4f35f7cbe854078d1ac9338744f61a02 -> 
  custom:container-demuxer-ogg: 62fdf1f143b41e24485cea50d1cbac27 -> 
  custom:video-encoder-webm-vp8: eb34c28f22e8b96e1ab97ce403110664 -> 
  custom:video-codec-MediaFoundation-h265: 746d11721c4dcdbdad8f713fa42b33f4 -> 
  custom:video-decoder-webm-vp8: 9c59270c3fd7afecdb556c50c9e8de78 -> 
  custom:audio-decoder-ogg-vorbis: bf7c407c2cedff20999df2af8eb42d56 -> 
  custom:audio-encoder-webm-vorbis: bf7c407c2cedff20999df2af8eb42d56 -> 
========================================================================
Received Import Request.
  path: Assets/Assets_Stand/Prefabs/roomAgent1.prefab
  artifactKey: Guid(2e2ddebe2186cf144a5546213a3f0529) Importer(815301076,1909f56bfc062723c751e8b465ee728b)
Start importing Assets/Assets_Stand/Prefabs/roomAgent1.prefab using Guid(2e2ddebe2186cf144a5546213a3f0529) Importer(815301076,1909f56bfc062723c751e8b465ee728b)  -> (artifact id: 'd4fda7a81fcdd097ec1500ec95ec8200') in 0.263091 seconds 
  Import took 0.274343 seconds .

========================================================================
Received Import Request.
  Time since last request: 0.000248 seconds.
  path: Assets/Assets_Stand/Prefabs/roomAgent2.prefab
  artifactKey: Guid(b4b66046cd731ab4c9cf526f189e13b6) Importer(815301076,1909f56bfc062723c751e8b465ee728b)
Start importing Assets/Assets_Stand/Prefabs/roomAgent2.prefab using Guid(b4b66046cd731ab4c9cf526f189e13b6) Importer(815301076,1909f56bfc062723c751e8b465ee728b)  -> (artifact id: '41295c3fb19632c246253e2e6915c671') in 0.145086 seconds 
  Import took 0.157321 seconds .

========================================================================
Received Import Request.
  Time since last request: 3.348336 seconds.
  path: Assets/Assets_Stand/Prefabs/sceneRoom_Agent2.prefab
  artifactKey: Guid(10a8cf7734eefb141a45c6b25b6094ef) Importer(815301076,1909f56bfc062723c751e8b465ee728b)
Start importing Assets/Assets_Stand/Prefabs/sceneRoom_Agent2.prefab using Guid(10a8cf7734eefb141a45c6b25b6094ef) Importer(815301076,1909f56bfc062723c751e8b465ee728b)  -> (artifact id: 'aa4f06232a473887f651bd35ce5180bb') in 0.138209 seconds 
  Import took 0.153995 seconds .

========================================================================
Received Import Request.
  Time since last request: 486.503941 seconds.
  path: Assets/Assets_Stand/Scripts/changement2.cs
  artifactKey: Guid(7d16d6b29949b824cb9f65524f96eeaa) Importer(815301076,1909f56bfc062723c751e8b465ee728b)
Start importing Assets/Assets_Stand/Scripts/changement2.cs using Guid(7d16d6b29949b824cb9f65524f96eeaa) Importer(815301076,1909f56bfc062723c751e8b465ee728b)  -> (artifact id: '560f97507d3e088eb35b137a1a780749') in 0.012291 seconds 
  Import took 0.014992 seconds .

========================================================================
Received Import Request.
  Time since last request: 0.001255 seconds.
  path: Assets/Assets_Stand/Scripts/changement2.cs
  artifactKey: Guid(7d16d6b29949b824cb9f65524f96eeaa) Importer(815301076,1909f56bfc062723c751e8b465ee728b)
Start importing Assets/Assets_Stand/Scripts/changement2.cs using Guid(7d16d6b29949b824cb9f65524f96eeaa) Importer(815301076,1909f56bfc062723c751e8b465ee728b)  -> (artifact id: '560f97507d3e088eb35b137a1a780749') in 0.001805 seconds 
  Import took 0.003907 seconds .

========================================================================
Received Import Request.
  Time since last request: 230.344743 seconds.
  path: Assets/Assets_Stand/Scripts/changements1.cs
  artifactKey: Guid(0416449d27825d343b2f41344c00dd0b) Importer(815301076,1909f56bfc062723c751e8b465ee728b)
Start importing Assets/Assets_Stand/Scripts/changements1.cs using Guid(0416449d27825d343b2f41344c00dd0b) Importer(815301076,1909f56bfc062723c751e8b465ee728b)  -> (artifact id: '79299f4d3e2b8e60de19dfd4765acb5a') in 0.005447 seconds 
  Import took 0.007862 seconds .

AssetImportWorkerClient::OnTransportError - code=2 error=End of file
